<?xml version="1.0" encoding="UTF-8"?>
<testsuite name="task15_Grid" tests="1" skipped="0" failures="0" errors="0" timestamp="2022-05-16T14:22:10" hostname="BLACK" time="8.304">
  <properties/>
  <testcase name="myFirstTest" classname="task15_Grid" time="8.304"/>
  <system-out><![CDATA[]]></system-out>
  <system-err><![CDATA[мая 16, 2022 6:22:10 PM org.openqa.selenium.remote.tracing.opentelemetry.OpenTelemetryTracer createTracer
INFO: Using OpenTelemetry for tracing
SLF4J: Failed to load class "org.slf4j.impl.StaticLoggerBinder".
SLF4J: Defaulting to no-operation (NOP) logger implementation
SLF4J: See http://www.slf4j.org/codes.html#StaticLoggerBinder for further details.
мая 16, 2022 6:22:14 PM org.openqa.selenium.remote.ProtocolHandshake createSession
INFO: Detected dialect: W3C
]]></system-err>
</testsuite>
