<?xml version="1.0" encoding="UTF-8"?>
<testsuite name="task10" tests="1" skipped="0" failures="0" errors="0" timestamp="2022-04-27T13:23:25" hostname="BLACK" time="6.694">
  <properties/>
  <testcase name="myFirstTest" classname="task10" time="6.694"/>
  <system-out><![CDATA[Yellow Duck
$20
$18
rgba(119, 119, 119, 1)
119
119
119
rgba(204, 0, 0, 1)
0
0
14.4px
14.4
14.4
18px
18
18.0
Yellow Duck
$20
$18
rgba(102, 102, 102, 1)
102
102
102
rgba(204, 0, 0, 1)
0
0
16px
16
16.0
22px
22
22.0
]]></system-out>
  <system-err><![CDATA[SLF4J: Failed to load class "org.slf4j.impl.StaticLoggerBinder".
SLF4J: Defaulting to no-operation (NOP) logger implementation
SLF4J: See http://www.slf4j.org/codes.html#StaticLoggerBinder for further details.
Starting ChromeDriver 100.0.4896.60 (6a5d10861ce8de5fce22564658033b43cb7de047-refs/branch-heads/4896@{#875}) on port 61094
Only local connections are allowed.
Please see https://chromedriver.chromium.org/security-considerations for suggestions on keeping ChromeDriver safe.
ChromeDriver was started successfully.
апр. 27, 2022 5:23:28 PM org.openqa.selenium.remote.ProtocolHandshake createSession
INFO: Detected dialect: W3C
апр. 27, 2022 5:23:29 PM org.openqa.selenium.devtools.CdpVersionFinder findNearestMatch
WARNING: Unable to find an exact match for CDP version 100, so returning the closest version found: 99
апр. 27, 2022 5:23:29 PM org.openqa.selenium.devtools.CdpVersionFinder findNearestMatch
INFO: Found CDP implementation for version 100 of 99
]]></system-err>
</testsuite>
