<?xml version="1.0" encoding="UTF-8"?>
<testsuite name="task4_Firefox" tests="1" skipped="0" failures="0" errors="0" timestamp="2022-04-06T10:08:53" hostname="BLACK" time="19.507">
  <properties/>
  <testcase name="myFirstTest" classname="task4_Firefox" time="19.507"/>
  <system-out><![CDATA[]]></system-out>
  <system-err><![CDATA[SLF4J: Failed to load class "org.slf4j.impl.StaticLoggerBinder".
SLF4J: Defaulting to no-operation (NOP) logger implementation
SLF4J: See http://www.slf4j.org/codes.html#StaticLoggerBinder for further details.
1649239735148	geckodriver	INFO	Listening on 127.0.0.1:50093
1649239736332	mozrunner::runner	INFO	Running command: "C:\\Program Files\\Mozilla Firefox\\firefox.exe" "--marionette" "--remote-debugging-port" "64218" "-no-remote" "-profile" "C:\\Users\\Admin\\AppData\\Local\\Temp\\rust_mozprofileSWmxtZ"
1649239737254	Marionette	INFO	Marionette enabled
console.warn: SearchSettings: "get: No settings file exists, new profile?" (new NotFoundError("Could not open the file at C:\\Users\\Admin\\AppData\\Local\\Temp\\rust_mozprofileSWmxtZ\\search.json.mozlz4", (void 0)))
DevTools listening on ws://localhost:64218/devtools/browser/02dfadf9-fe5c-476c-922e-9e992ffcf928
1649239741506	Marionette	INFO	Listening on port 60388
1649239741673	RemoteAgent	WARN	TLS certificate errors will be ignored for this session
апр. 06, 2022 2:09:01 PM org.openqa.selenium.remote.ProtocolHandshake createSession
INFO: Detected dialect: W3C
console.warn: LoginRecipes: "getRecipes: falling back to a synchronous message for:" "http://localhost"
console.warn: LoginRecipes: "getRecipes: falling back to a synchronous message for:" "http://localhost"
JavaScript error: resource://gre/modules/LoginManagerParent.jsm, line 136: TypeError: gRecipeManager is null
1649239751754	Marionette	INFO	Stopped listening on port 60388

###!!! [Parent][PContentParent] Error: Send(msgname=PContent::Msg_DestroyBrowsingContextGroup) Closed channel: cannot send/recv


###!!! [Parent][PGPUParent] Error: RunMessage(msgname=PGPU::Msg_ShutdownVR) Channel closing: too late to send/recv, messages will be lost

]]></system-err>
</testsuite>
