<?xml version="1.0" encoding="UTF-8"?>
<testsuite name="lesson10_EventListener" tests="1" skipped="0" failures="0" errors="0" timestamp="2022-04-28T08:07:52" hostname="BLACK" time="7.87">
  <properties/>
  <testcase name="myFirstTest" classname="lesson10_EventListener" time="7.87"/>
  <system-out><![CDATA[By.name: q
By.name: q found
By.name: btnK
By.name: btnK found
]]></system-out>
  <system-err><![CDATA[SLF4J: Failed to load class "org.slf4j.impl.StaticLoggerBinder".
SLF4J: Defaulting to no-operation (NOP) logger implementation
SLF4J: See http://www.slf4j.org/codes.html#StaticLoggerBinder for further details.
Starting ChromeDriver 100.0.4896.60 (6a5d10861ce8de5fce22564658033b43cb7de047-refs/branch-heads/4896@{#875}) on port 57862
Only local connections are allowed.
Please see https://chromedriver.chromium.org/security-considerations for suggestions on keeping ChromeDriver safe.
ChromeDriver was started successfully.
[1651133275.409][WARNING]: This version of ChromeDriver has not been tested with Chrome version 101.
апр. 28, 2022 12:07:55 PM org.openqa.selenium.remote.ProtocolHandshake createSession
INFO: Detected dialect: W3C
апр. 28, 2022 12:07:56 PM org.openqa.selenium.devtools.CdpVersionFinder findNearestMatch
WARNING: Unable to find an exact match for CDP version 101, so returning the closest version found: 99
апр. 28, 2022 12:07:56 PM org.openqa.selenium.devtools.CdpVersionFinder findNearestMatch
INFO: Found CDP implementation for version 101 of 99
]]></system-err>
</testsuite>
